<?xml version="1.0" encoding="UTF-8"?>
<testsuite xmlns:xsi="http://www.w3.org/2001/XMLSchema-instance" xsi:noNamespaceSchemaLocation="https://maven.apache.org/surefire/maven-surefire-plugin/xsd/surefire-test-report-3.0.xsd" version="3.0" name="com.redhat.appfoundations.camel.test.CamelRouteTest" time="3.618" tests="1" errors="0" skipped="1" failures="0">
  <properties>
[...]
</properties>
  <testcase name="testCamelRoute" classname="com.redhat.appfoundations.camel.test.CamelRouteTest" time="0">
    <skipped message="public void com.redhat.appfoundations.camel.test.CamelRouteTest.testCamelRoute() throws java.lang.Exception is @Disabled"/>
    <system-out><![CDATA[11:06:05.702 [main] DEBUG org.springframework.test.context.BootstrapUtils - Instantiating CacheAwareContextLoaderDelegate from class [org.springframework.test.context.cache.DefaultCacheAwareContextLoaderDelegate]
11:06:05.708 [main] DEBUG org.springframework.test.context.BootstrapUtils - Instantiating BootstrapContext using constructor [public org.springframework.test.context.support.DefaultBootstrapContext(java.lang.Class,org.springframework.test.context.CacheAwareContextLoaderDelegate)]
11:06:05.733 [main] DEBUG org.springframework.test.context.BootstrapUtils - Instantiating TestContextBootstrapper for test class [com.redhat.appfoundations.camel.test.CamelRouteTest] from class [org.springframework.boot.test.context.SpringBootTestContextBootstrapper]
11:06:05.739 [main] INFO org.springframework.boot.test.context.SpringBootTestContextBootstrapper - Neither @ContextConfiguration nor @ContextHierarchy found for test class [com.redhat.appfoundations.camel.test.CamelRouteTest], using SpringBootContextLoader
11:06:05.742 [main] DEBUG org.springframework.test.context.support.AbstractContextLoader - Did not detect default resource location for test class [com.redhat.appfoundations.camel.test.CamelRouteTest]: class path resource [com/redhat/appfoundations/camel/test/CamelRouteTest-context.xml] does not exist
11:06:05.742 [main] DEBUG org.springframework.test.context.support.AbstractContextLoader - Did not detect default resource location for test class [com.redhat.appfoundations.camel.test.CamelRouteTest]: class path resource [com/redhat/appfoundations/camel/test/CamelRouteTestContext.groovy] does not exist
11:06:05.742 [main] INFO org.springframework.test.context.support.AbstractContextLoader - Could not detect default resource locations for test class [com.redhat.appfoundations.camel.test.CamelRouteTest]: no resource found for suffixes {-context.xml, Context.groovy}.
11:06:05.743 [main] INFO org.springframework.test.context.support.AnnotationConfigContextLoaderUtils - Could not detect default configuration classes for test class [com.redhat.appfoundations.camel.test.CamelRouteTest]: CamelRouteTest does not declare any static, non-private, non-final, nested classes annotated with @Configuration.
11:06:05.821 [main] DEBUG org.springframework.context.annotation.ClassPathScanningCandidateComponentProvider - Identified candidate component class: file [/development/workspace/projects/fuse628/migration-jetty/csb-http-app/target/classes/com/redhat/appfoundations/camel/MySpringBootApplication.class]
11:06:05.822 [main] INFO org.springframework.boot.test.context.SpringBootTestContextBootstrapper - Found @SpringBootConfiguration com.redhat.appfoundations.camel.MySpringBootApplication for test class com.redhat.appfoundations.camel.test.CamelRouteTest
11:06:05.877 [main] DEBUG org.springframework.boot.test.context.SpringBootTestContextBootstrapper - Merging default listeners with listeners configured via @TestExecutionListeners for class [com.redhat.appfoundations.camel.test.CamelRouteTest].
11:06:05.877 [main] INFO org.springframework.boot.test.context.SpringBootTestContextBootstrapper - Loaded default TestExecutionListener class names from location [META-INF/spring.factories]: [org.springframework.boot.test.mock.mockito.MockitoTestExecutionListener, org.springframework.boot.test.mock.mockito.ResetMocksTestExecutionListener, org.springframework.boot.test.autoconfigure.restdocs.RestDocsTestExecutionListener, org.springframework.boot.test.autoconfigure.web.client.MockRestServiceServerResetTestExecutionListener, org.springframework.boot.test.autoconfigure.web.servlet.MockMvcPrintOnlyOnFailureTestExecutionListener, org.springframework.boot.test.autoconfigure.web.servlet.WebDriverTestExecutionListener, org.springframework.boot.test.autoconfigure.webservices.client.MockWebServiceServerTestExecutionListener, org.springframework.test.context.web.ServletTestExecutionListener, org.springframework.test.context.support.DirtiesContextBeforeModesTestExecutionListener, org.springframework.test.context.event.ApplicationEventsTestExecutionListener, org.springframework.test.context.support.DependencyInjectionTestExecutionListener, org.springframework.test.context.support.DirtiesContextTestExecutionListener, org.springframework.test.context.transaction.TransactionalTestExecutionListener, org.springframework.test.context.jdbc.SqlScriptsTestExecutionListener, org.springframework.test.context.event.EventPublishingTestExecutionListener]
11:06:05.889 [main] INFO org.springframework.boot.test.context.SpringBootTestContextBootstrapper - Using TestExecutionListeners: [org.apache.camel.test.spring.junit5.CamelSpringTestContextLoaderTestExecutionListener@53dbe163, org.apache.camel.test.spring.junit5.CamelSpringBootExecutionListener@db57326, org.apache.camel.test.spring.junit5.StopWatchTestExecutionListener@34a875b3, org.springframework.test.context.web.ServletTestExecutionListener@4748a0f9, org.springframework.test.context.support.DirtiesContextBeforeModesTestExecutionListener@4b14918a, org.springframework.test.context.event.ApplicationEventsTestExecutionListener@6d1ef78d, org.springframework.boot.test.mock.mockito.MockitoTestExecutionListener@1a6c1270, org.springframework.boot.test.autoconfigure.SpringBootDependencyInjectionTestExecutionListener@18a136ac, org.springframework.test.context.support.DirtiesContextTestExecutionListener@77d67cf3, org.springframework.test.context.transaction.TransactionalTestExecutionListener@6dee4f1b, org.springframework.test.context.jdbc.SqlScriptsTestExecutionListener@176b3f44, org.springframework.test.context.event.EventPublishingTestExecutionListener@6ee6f53, org.springframework.boot.test.mock.mockito.ResetMocksTestExecutionListener@421bba99, org.springframework.boot.test.autoconfigure.restdocs.RestDocsTestExecutionListener@5d12a356, org.springframework.boot.test.autoconfigure.web.client.MockRestServiceServerResetTestExecutionListener@134d26af, org.springframework.boot.test.autoconfigure.web.servlet.MockMvcPrintOnlyOnFailureTestExecutionListener@66ac5762, org.springframework.boot.test.autoconfigure.web.servlet.WebDriverTestExecutionListener@797cf65c, org.springframework.boot.test.autoconfigure.webservices.client.MockWebServiceServerTestExecutionListener@31bcf236]
11:06:05.911 [main] DEBUG org.springframework.test.context.support.AbstractDirtiesContextTestExecutionListener - Before test class: context [DefaultTestContext@626c44e7 testClass = CamelRouteTest, testInstance = [null], testMethod = [null], testException = [null], mergedContextConfiguration = [WebMergedContextConfiguration@4dc8caa7 testClass = CamelRouteTest, locations = '{}', classes = '{class com.redhat.appfoundations.camel.MySpringBootApplication}', contextInitializerClasses = '[]', activeProfiles = '{production}', propertySourceLocations = '{}', propertySourceProperties = '{org.springframework.boot.test.context.SpringBootTestContextBootstrapper=true}', contextCustomizers = set[org.springframework.boot.test.context.filter.ExcludeFilterContextCustomizer@72cc7e6f, org.springframework.boot.test.json.DuplicateJsonObjectContextCustomizerFactory$DuplicateJsonObjectContextCustomizer@606e4010, org.springframework.boot.test.mock.mockito.MockitoContextCustomizer@0, org.springframework.boot.test.web.client.TestRestTemplateContextCustomizer@1caa0244, org.springframework.boot.test.autoconfigure.actuate.metrics.MetricsExportContextCustomizerFactory$DisableMetricExportContextCustomizer@31ea9581, org.springframework.boot.test.autoconfigure.properties.PropertyMappingContextCustomizer@0, org.springframework.boot.test.autoconfigure.web.servlet.WebDriverContextCustomizerFactory$Customizer@302c971f, org.springframework.boot.test.context.SpringBootTestArgs@1, org.springframework.boot.test.context.SpringBootTestWebEnvironment@7f416310], resourceBasePath = 'src/main/webapp', contextLoader = 'org.springframework.boot.test.context.SpringBootContextLoader', parent = [null]], attributes = map['org.springframework.test.context.web.ServletTestExecutionListener.activateListener' -> false]], class annotated with @DirtiesContext [false] with mode [null].
11:06:05.918 [main] INFO org.apache.camel.test.spring.junit5.CamelSpringBootExecutionListener - CamelSpringBootExecutionListener preparing: class com.redhat.appfoundations.camel.test.CamelRouteTest
11:06:05.921 [main] INFO org.apache.camel.test.spring.junit5.CamelAnnotationsHandler - Disabling Camel JMX globally for tests by default.  Use the DisableJMX annotation to override the default setting.

  .   ____          _            __ _ _
 /\\ / ___'_ __ _ _(_)_ __  __ _ \ \ \ \
( ( )\___ | '_ | '_| | '_ \/ _` | \ \ \ \
 \\/  ___)| |_)| | | | | || (_| |  ) ) ) )
  '  |____| .__|_| |_|_| |_\__, | / / / /
 =========|_|==============|___/=/_/_/_/
 :: Spring Boot ::                (v2.7.6)

2023-04-19 11:06:06.156  INFO 2435213 --- [           main] c.r.a.camel.test.CamelRouteTest          : Starting CamelRouteTest using Java 17.0.6 on mthirion.remote.csb with PID 2435213 (started by mthirion in /development/workspace/projects/fuse628/migration-jetty/csb-http-app)
2023-04-19 11:06:06.157  INFO 2435213 --- [           main] c.r.a.camel.test.CamelRouteTest          : The following 1 profile is active: "production"
2023-04-19 11:06:07.407  WARN 2435213 --- [           main] io.undertow.websockets.jsr               : UT026010: Buffer pool was not set on WebSocketDeploymentInfo, the default pool will be used
2023-04-19 11:06:07.421  INFO 2435213 --- [           main] io.undertow.servlet                      : Initializing Spring embedded WebApplicationContext
2023-04-19 11:06:07.421  INFO 2435213 --- [           main] w.s.c.ServletWebServerApplicationContext : Root WebApplicationContext: initialization completed in 1121 ms
2023-04-19 11:06:08.462  INFO 2435213 --- [           main] o.s.b.a.e.web.EndpointLinksResolver      : Exposing 3 endpoint(s) beneath base path '/actuator'
2023-04-19 11:06:08.695  INFO 2435213 --- [           main] o.a.c.c.s.CamelHttpTransportServlet      : Initialized CamelHttpTransportServlet[name=CamelServlet, contextPath=]
2023-04-19 11:06:08.699  INFO 2435213 --- [           main] io.undertow                              : starting server: Undertow - 2.2.20.Final
2023-04-19 11:06:08.706  INFO 2435213 --- [           main] org.xnio                                 : XNIO version 3.8.7.Final
2023-04-19 11:06:08.715  INFO 2435213 --- [           main] org.xnio.nio                             : XNIO NIO Implementation Version 3.8.7.Final
2023-04-19 11:06:08.764  INFO 2435213 --- [           main] org.jboss.threads                        : JBoss Threads version 3.1.0.Final
2023-04-19 11:06:08.802  INFO 2435213 --- [           main] o.s.b.w.e.undertow.UndertowWebServer     : Undertow started on port(s) 8082 (http)
2023-04-19 11:06:09.232  INFO 2435213 --- [           main] c.r.a.camel.test.CamelRouteTest          : Started CamelRouteTest in 3.291 seconds (JVM running for 3.966)
2023-04-19 11:06:09.235  INFO 2435213 --- [           main] o.a.c.t.s.j.CamelAnnotationsHandler      : Setting shutdown timeout to [10 SECONDS] on CamelContext with name [camelContext].
]]></system-out>
  </testcase>
</testsuite>